<?xml version="1.0" encoding="UTF-8"?>
<testng-results ignored="0" total="1" passed="1" failed="0" skipped="0">
  <reporter-output>
  </reporter-output>
  <suite started-at="2023-08-22T16:04:40 IST" name="Default suite" finished-at="2023-08-22T16:04:42 IST" duration-ms="2439">
    <groups>
    </groups>
    <test started-at="2023-08-22T16:04:40 IST" name="Default test" finished-at="2023-08-22T16:04:42 IST" duration-ms="2439">
      <class name="in.reqres.restAssured.POSTRequest">
        <test-method is-config="true" signature="setUp()[pri:0, instance:in.reqres.restAssured.POSTRequest@5e7cd6cc]" started-at="2023-08-22T16:04:40 IST" name="setUp" finished-at="2023-08-22T16:04:40 IST" duration-ms="67" status="PASS">
          <reporter-output>
          </reporter-output>
        </test-method> <!-- setUp -->
        <test-method is-config="true" signature="createPayLoad()[pri:0, instance:in.reqres.restAssured.POSTRequest@5e7cd6cc]" started-at="2023-08-22T16:04:40 IST" name="createPayLoad" finished-at="2023-08-22T16:04:40 IST" duration-ms="256" status="PASS">
          <reporter-output>
          </reporter-output>
        </test-method> <!-- createPayLoad -->
        <test-method signature="postRequest()[pri:0, instance:in.reqres.restAssured.POSTRequest@5e7cd6cc]" started-at="2023-08-22T16:04:40 IST" name="postRequest" finished-at="2023-08-22T16:04:42 IST" duration-ms="2086" status="PASS">
          <reporter-output>
          </reporter-output>
        </test-method> <!-- postRequest -->
      </class> <!-- in.reqres.restAssured.POSTRequest -->
    </test> <!-- Default test -->
  </suite> <!-- Default suite -->
</testng-results>
